<?xml version="1.0" encoding="UTF-8"?>
<testsuites>
  <testsuite name="" tests="50" assertions="67" errors="0" warnings="0" failures="0" skipped="0" time="0.216999">
    <testsuite name="HTTP Client Test Suite" tests="50" assertions="67" errors="0" warnings="0" failures="0" skipped="0" time="0.216999">
      <testsuite name="ClosePartnerSdk\Tests\Dto\Mapper\FlowPropertiesMapperTest" file="/var/www/backend/vendor/close/partner-sdk/tests/Dto/Mapper/FlowPropertiesMapperTest.php" tests="2" assertions="5" errors="0" warnings="0" failures="0" skipped="0" time="0.015017">
        <testcase name="provide_valid_values_in_the_render_request" class="ClosePartnerSdk\Tests\Dto\Mapper\FlowPropertiesMapperTest" classname="ClosePartnerSdk.Tests.Dto.Mapper.FlowPropertiesMapperTest" file="/var/www/backend/vendor/close/partner-sdk/tests/Dto/Mapper/FlowPropertiesMapperTest.php" line="36" assertions="1" time="0.014027"/>
        <testcase name="provide_valid_values_in_the_with_properties_request" class="ClosePartnerSdk\Tests\Dto\Mapper\FlowPropertiesMapperTest" classname="ClosePartnerSdk.Tests.Dto.Mapper.FlowPropertiesMapperTest" file="/var/www/backend/vendor/close/partner-sdk/tests/Dto/Mapper/FlowPropertiesMapperTest.php" line="13" assertions="4" time="0.000990"/>
      </testsuite>
      <testsuite name="ClosePartnerSdk\Tests\Endpoint\ImportTicketGroupForEventTest" file="/var/www/backend/vendor/close/partner-sdk/tests/Endpoint/ImportTicketGroupForEventTest.php" tests="4" assertions="4" errors="0" warnings="0" failures="0" skipped="0" time="0.162953">
        <testcase name="authorise_the_user_before_calling_the_import_tickets_endpoint_with_correct_credentials" class="ClosePartnerSdk\Tests\Endpoint\ImportTicketGroupForEventTest" classname="ClosePartnerSdk.Tests.Endpoint.ImportTicketGroupForEventTest" file="/var/www/backend/vendor/close/partner-sdk/tests/Endpoint/ImportTicketGroupForEventTest.php" line="20" assertions="1" time="0.140466"/>
        <testcase name="call_import_endpoint_with_one_ticket_in_request" class="ClosePartnerSdk\Tests\Endpoint\ImportTicketGroupForEventTest" classname="ClosePartnerSdk.Tests.Endpoint.ImportTicketGroupForEventTest" file="/var/www/backend/vendor/close/partner-sdk/tests/Endpoint/ImportTicketGroupForEventTest.php" line="107" assertions="1" time="0.003580"/>
        <testcase name="prevent_calling_authorization_endpoint_for_each_request" class="ClosePartnerSdk\Tests\Endpoint\ImportTicketGroupForEventTest" classname="ClosePartnerSdk.Tests.Endpoint.ImportTicketGroupForEventTest" file="/var/www/backend/vendor/close/partner-sdk/tests/Endpoint/ImportTicketGroupForEventTest.php" line="76" assertions="1" time="0.001466"/>
        <testcase name="not_perform_any_call_if_credentials_are_invalid" class="ClosePartnerSdk\Tests\Endpoint\ImportTicketGroupForEventTest" classname="ClosePartnerSdk.Tests.Endpoint.ImportTicketGroupForEventTest" file="/var/www/backend/vendor/close/partner-sdk/tests/Endpoint/ImportTicketGroupForEventTest.php" line="48" assertions="1" time="0.017440"/>
      </testsuite>
      <testsuite name="ClosePartnerSdk\Tests\Endpoint\FlowProperties\SetFlowPropertiesToAnEventTest" file="/var/www/backend/vendor/close/partner-sdk/tests/Endpoint/FlowProperties/SetFlowPropertiesToAnEventTest.php" tests="1" assertions="1" errors="0" warnings="0" failures="0" skipped="0" time="0.001456">
        <testcase name="call_set_properties_to_a_user_in_chat_for_event_endpoint" class="ClosePartnerSdk\Tests\Endpoint\FlowProperties\SetFlowPropertiesToAnEventTest" classname="ClosePartnerSdk.Tests.Endpoint.FlowProperties.SetFlowPropertiesToAnEventTest" file="/var/www/backend/vendor/close/partner-sdk/tests/Endpoint/FlowProperties/SetFlowPropertiesToAnEventTest.php" line="16" assertions="1" time="0.001456"/>
      </testsuite>
      <testsuite name="ClosePartnerSdk\Tests\Endpoint\SendTextMessageToAllUsersInChatTest" file="/var/www/backend/vendor/close/partner-sdk/tests/Endpoint/SendTextMessageToAllUsersInChatTest.php" tests="1" assertions="1" errors="0" warnings="0" failures="0" skipped="0" time="0.002588">
        <testcase name="call_send_text_message_to_all_chats_endpoint" class="ClosePartnerSdk\Tests\Endpoint\SendTextMessageToAllUsersInChatTest" classname="ClosePartnerSdk.Tests.Endpoint.SendTextMessageToAllUsersInChatTest" file="/var/www/backend/vendor/close/partner-sdk/tests/Endpoint/SendTextMessageToAllUsersInChatTest.php" line="15" assertions="1" time="0.002588"/>
      </testsuite>
      <testsuite name="ClosePartnerSdk\Tests\Endpoint\SendTextMessageToUserInChatTest" file="/var/www/backend/vendor/close/partner-sdk/tests/Endpoint/SendTextMessageToUserInChatTest.php" tests="1" assertions="1" errors="0" warnings="0" failures="0" skipped="0" time="0.001076">
        <testcase name="call_send_text_message_to_user_in_chat_endpoint" class="ClosePartnerSdk\Tests\Endpoint\SendTextMessageToUserInChatTest" classname="ClosePartnerSdk.Tests.Endpoint.SendTextMessageToUserInChatTest" file="/var/www/backend/vendor/close/partner-sdk/tests/Endpoint/SendTextMessageToUserInChatTest.php" line="16" assertions="1" time="0.001076"/>
      </testsuite>
      <testsuite name="ClosePartnerSdk\Tests\Endpoint\SendCardMessageToUserInChatTest" file="/var/www/backend/vendor/close/partner-sdk/tests/Endpoint/SendCardMessageToUserInChatTest.php" tests="1" assertions="1" errors="0" warnings="0" failures="0" skipped="0" time="0.001250">
        <testcase name="call_send_text_message_to_user_in_chat_endpoint" class="ClosePartnerSdk\Tests\Endpoint\SendCardMessageToUserInChatTest" classname="ClosePartnerSdk.Tests.Endpoint.SendCardMessageToUserInChatTest" file="/var/www/backend/vendor/close/partner-sdk/tests/Endpoint/SendCardMessageToUserInChatTest.php" line="16" assertions="1" time="0.001250"/>
      </testsuite>
      <testsuite name="ClosePartnerSdk\Tests\Endpoint\SendCardMessageToAllUsersInChatTest" file="/var/www/backend/vendor/close/partner-sdk/tests/Endpoint/SendCardMessageToAllUsersInChatTest.php" tests="1" assertions="1" errors="0" warnings="0" failures="0" skipped="0" time="0.000349">
        <testcase name="it_can_send_a_card_message_to_all_events" class="ClosePartnerSdk\Tests\Endpoint\SendCardMessageToAllUsersInChatTest" classname="ClosePartnerSdk.Tests.Endpoint.SendCardMessageToAllUsersInChatTest" file="/var/www/backend/vendor/close/partner-sdk/tests/Endpoint/SendCardMessageToAllUsersInChatTest.php" line="15" assertions="1" time="0.000349"/>
      </testsuite>
      <testsuite name="ClosePartnerSdk\Tests\Endpoint\CancelTicketForEventTest" file="/var/www/backend/vendor/close/partner-sdk/tests/Endpoint/CancelTicketForEventTest.php" tests="3" assertions="3" errors="0" warnings="0" failures="0" skipped="0" time="0.003336">
        <testcase name="authorise_the_user_before_calling_the_cancel_ticket_endpoint_with_correct_credentials" class="ClosePartnerSdk\Tests\Endpoint\CancelTicketForEventTest" classname="ClosePartnerSdk.Tests.Endpoint.CancelTicketForEventTest" file="/var/www/backend/vendor/close/partner-sdk/tests/Endpoint/CancelTicketForEventTest.php" line="19" assertions="1" time="0.002627"/>
        <testcase name="not_perform_any_call_if_credentials_are_invalid" class="ClosePartnerSdk\Tests\Endpoint\CancelTicketForEventTest" classname="ClosePartnerSdk.Tests.Endpoint.CancelTicketForEventTest" file="/var/www/backend/vendor/close/partner-sdk/tests/Endpoint/CancelTicketForEventTest.php" line="48" assertions="1" time="0.000297"/>
        <testcase name="call_cancel_endpoint_cancelling_one_ticket" class="ClosePartnerSdk\Tests\Endpoint\CancelTicketForEventTest" classname="ClosePartnerSdk.Tests.Endpoint.CancelTicketForEventTest" file="/var/www/backend/vendor/close/partner-sdk/tests/Endpoint/CancelTicketForEventTest.php" line="78" assertions="1" time="0.000413"/>
      </testsuite>
      <testsuite name="ClosePartnerSdk\Tests\Endpoint\AuthoriseEndpointTest" file="/var/www/backend/vendor/close/partner-sdk/tests/Endpoint/AuthoriseEndpointTest.php" tests="6" assertions="9" errors="0" warnings="0" failures="0" skipped="0" time="0.006871">
        <testcase name="inform_when_there_is_a_connection_problem" class="ClosePartnerSdk\Tests\Endpoint\AuthoriseEndpointTest" classname="ClosePartnerSdk.Tests.Endpoint.AuthoriseEndpointTest" file="/var/www/backend/vendor/close/partner-sdk/tests/Endpoint/AuthoriseEndpointTest.php" line="101" assertions="1" time="0.001516"/>
        <testcase name="inform_when_the_response_is_missing_the_access_token" class="ClosePartnerSdk\Tests\Endpoint\AuthoriseEndpointTest" classname="ClosePartnerSdk.Tests.Endpoint.AuthoriseEndpointTest" file="/var/www/backend/vendor/close/partner-sdk/tests/Endpoint/AuthoriseEndpointTest.php" line="123" assertions="2" time="0.003408"/>
        <testcase name="inform_when_credentials_are_invalid" class="ClosePartnerSdk\Tests\Endpoint\AuthoriseEndpointTest" classname="ClosePartnerSdk.Tests.Endpoint.AuthoriseEndpointTest" file="/var/www/backend/vendor/close/partner-sdk/tests/Endpoint/AuthoriseEndpointTest.php" line="70" assertions="1" time="0.000350"/>
        <testcase name="inform_when_the_response_is_missing_the_expiration_time" class="ClosePartnerSdk\Tests\Endpoint\AuthoriseEndpointTest" classname="ClosePartnerSdk.Tests.Endpoint.AuthoriseEndpointTest" file="/var/www/backend/vendor/close/partner-sdk/tests/Endpoint/AuthoriseEndpointTest.php" line="150" assertions="2" time="0.000198"/>
        <testcase name="inform_when_api_provides_a_wrong_json" class="ClosePartnerSdk\Tests\Endpoint\AuthoriseEndpointTest" classname="ClosePartnerSdk.Tests.Endpoint.AuthoriseEndpointTest" file="/var/www/backend/vendor/close/partner-sdk/tests/Endpoint/AuthoriseEndpointTest.php" line="48" assertions="1" time="0.001102"/>
        <testcase name="extract_access_token_from_response" class="ClosePartnerSdk\Tests\Endpoint\AuthoriseEndpointTest" classname="ClosePartnerSdk.Tests.Endpoint.AuthoriseEndpointTest" file="/var/www/backend/vendor/close/partner-sdk/tests/Endpoint/AuthoriseEndpointTest.php" line="19" assertions="2" time="0.000295"/>
      </testsuite>
      <testsuite name="ClosePartnerSdk\Tests\Endpoint\FlowProperties\SetFlowPropertiesToAUserInAChatForAnEventTest" file="/var/www/backend/vendor/close/partner-sdk/tests/Endpoint/FlowProperties/SetFlowPropertiesToAUserInAChatForAnEventTest.php" tests="1" assertions="1" errors="0" warnings="0" failures="0" skipped="0" time="0.000352">
        <testcase name="call_set_properties_to_a_user_in_chat_for_event_endpoint" class="ClosePartnerSdk\Tests\Endpoint\FlowProperties\SetFlowPropertiesToAUserInAChatForAnEventTest" classname="ClosePartnerSdk.Tests.Endpoint.FlowProperties.SetFlowPropertiesToAUserInAChatForAnEventTest" file="/var/www/backend/vendor/close/partner-sdk/tests/Endpoint/FlowProperties/SetFlowPropertiesToAUserInAChatForAnEventTest.php" line="18" assertions="1" time="0.000352"/>
      </testsuite>
      <testsuite name="ClosePartnerSdk\Tests\Dto\Mapper\ImportTicketsMapperTest" file="/var/www/backend/vendor/close/partner-sdk/tests/Dto/Mapper/ImportTicketsMapperTest.php" tests="8" assertions="12" errors="0" warnings="0" failures="0" skipped="0" time="0.002690">
        <testcase name="provide_ticket_with_seat_info" class="ClosePartnerSdk\Tests\Dto\Mapper\ImportTicketsMapperTest" classname="ClosePartnerSdk.Tests.Dto.Mapper.ImportTicketsMapperTest" file="/var/www/backend/vendor/close/partner-sdk/tests/Dto/Mapper/ImportTicketsMapperTest.php" line="123" assertions="1" time="0.001031"/>
        <testcase name="provide_event_id_in_the_request" class="ClosePartnerSdk\Tests\Dto\Mapper\ImportTicketsMapperTest" classname="ClosePartnerSdk.Tests.Dto.Mapper.ImportTicketsMapperTest" file="/var/www/backend/vendor/close/partner-sdk/tests/Dto/Mapper/ImportTicketsMapperTest.php" line="15" assertions="1" time="0.000033"/>
        <testcase name="provide_ticket_with_time_slot_in_request" class="ClosePartnerSdk\Tests\Dto\Mapper\ImportTicketsMapperTest" classname="ClosePartnerSdk.Tests.Dto.Mapper.ImportTicketsMapperTest" file="/var/www/backend/vendor/close/partner-sdk/tests/Dto/Mapper/ImportTicketsMapperTest.php" line="69" assertions="1" time="0.000129"/>
        <testcase name="provide_ticket_with_bubble_info_in_request" class="ClosePartnerSdk\Tests\Dto\Mapper\ImportTicketsMapperTest" classname="ClosePartnerSdk.Tests.Dto.Mapper.ImportTicketsMapperTest" file="/var/www/backend/vendor/close/partner-sdk/tests/Dto/Mapper/ImportTicketsMapperTest.php" line="103" assertions="1" time="0.001243"/>
        <testcase name="provide_ticket_with_product_details_in_request" class="ClosePartnerSdk\Tests\Dto\Mapper\ImportTicketsMapperTest" classname="ClosePartnerSdk.Tests.Dto.Mapper.ImportTicketsMapperTest" file="/var/www/backend/vendor/close/partner-sdk/tests/Dto/Mapper/ImportTicketsMapperTest.php" line="87" assertions="2" time="0.000089"/>
        <testcase name="provide_multiple_tickets_in_request" class="ClosePartnerSdk\Tests\Dto\Mapper\ImportTicketsMapperTest" classname="ClosePartnerSdk.Tests.Dto.Mapper.ImportTicketsMapperTest" file="/var/www/backend/vendor/close/partner-sdk/tests/Dto/Mapper/ImportTicketsMapperTest.php" line="145" assertions="1" time="0.000088"/>
        <testcase name="provide_phone_number_in_request" class="ClosePartnerSdk\Tests\Dto\Mapper\ImportTicketsMapperTest" classname="ClosePartnerSdk.Tests.Dto.Mapper.ImportTicketsMapperTest" file="/var/www/backend/vendor/close/partner-sdk/tests/Dto/Mapper/ImportTicketsMapperTest.php" line="29" assertions="1" time="0.000038"/>
        <testcase name="provide_ticket_with_minimal_info_in_request" class="ClosePartnerSdk\Tests\Dto\Mapper\ImportTicketsMapperTest" classname="ClosePartnerSdk.Tests.Dto.Mapper.ImportTicketsMapperTest" file="/var/www/backend/vendor/close/partner-sdk/tests/Dto/Mapper/ImportTicketsMapperTest.php" line="42" assertions="4" time="0.000040"/>
      </testsuite>
      <testsuite name="ClosePartnerSdk\Tests\OptionsTest" file="/var/www/backend/vendor/close/partner-sdk/tests/OptionsTest.php" tests="3" assertions="4" errors="0" warnings="0" failures="0" skipped="0" time="0.008300">
        <testcase name="inform_when_client_secret_is_missing_in_options" class="ClosePartnerSdk\Tests\OptionsTest" classname="ClosePartnerSdk.Tests.OptionsTest" file="/var/www/backend/vendor/close/partner-sdk/tests/OptionsTest.php" line="23" assertions="1" time="0.004908"/>
        <testcase name="provide_default_values_for_cient_builder_and_uri" class="ClosePartnerSdk\Tests\OptionsTest" classname="ClosePartnerSdk.Tests.OptionsTest" file="/var/www/backend/vendor/close/partner-sdk/tests/OptionsTest.php" line="33" assertions="2" time="0.003319"/>
        <testcase name="inform_when_client_id_is_missing_in_options" class="ClosePartnerSdk\Tests\OptionsTest" classname="ClosePartnerSdk.Tests.OptionsTest" file="/var/www/backend/vendor/close/partner-sdk/tests/OptionsTest.php" line="13" assertions="1" time="0.000073"/>
      </testsuite>
      <testsuite name="ClosePartnerSdk\Tests\Endpoint\SendTextMessageToAllChatsTest" file="/var/www/backend/vendor/close/partner-sdk/tests/Endpoint/SendTextMessageToAllChatsTest.php" tests="3" assertions="3" errors="0" warnings="0" failures="0" skipped="0" time="0.001433">
        <testcase name="authorise_the_user_before_calling_the_cancel_ticket_endpoint_with_correct_credentials" class="ClosePartnerSdk\Tests\Endpoint\SendTextMessageToAllChatsTest" classname="ClosePartnerSdk.Tests.Endpoint.SendTextMessageToAllChatsTest" file="/var/www/backend/vendor/close/partner-sdk/tests/Endpoint/SendTextMessageToAllChatsTest.php" line="18" assertions="1" time="0.000376"/>
        <testcase name="call_send_text_message_to_all_chats_endpoint" class="ClosePartnerSdk\Tests\Endpoint\SendTextMessageToAllChatsTest" classname="ClosePartnerSdk.Tests.Endpoint.SendTextMessageToAllChatsTest" file="/var/www/backend/vendor/close/partner-sdk/tests/Endpoint/SendTextMessageToAllChatsTest.php" line="75" assertions="1" time="0.000618"/>
        <testcase name="not_perform_any_call_if_credentials_are_invalid" class="ClosePartnerSdk\Tests\Endpoint\SendTextMessageToAllChatsTest" classname="ClosePartnerSdk.Tests.Endpoint.SendTextMessageToAllChatsTest" file="/var/www/backend/vendor/close/partner-sdk/tests/Endpoint/SendTextMessageToAllChatsTest.php" line="47" assertions="1" time="0.000439"/>
      </testsuite>
      <testsuite name="ClosePartnerSdk\Tests\Endpoint\SendCardMessageToAllChatsTest" file="/var/www/backend/vendor/close/partner-sdk/tests/Endpoint/SendCardMessageToAllChatsTest.php" tests="2" assertions="3" errors="0" warnings="0" failures="0" skipped="0" time="0.001079">
        <testcase name="it_can_send_a_card_message_to_all_events" class="ClosePartnerSdk\Tests\Endpoint\SendCardMessageToAllChatsTest" classname="ClosePartnerSdk.Tests.Endpoint.SendCardMessageToAllChatsTest" file="/var/www/backend/vendor/close/partner-sdk/tests/Endpoint/SendCardMessageToAllChatsTest.php" line="58" assertions="1" time="0.000596"/>
        <testcase name="it_does_not_have_the_required_fields" class="ClosePartnerSdk\Tests\Endpoint\SendCardMessageToAllChatsTest" classname="ClosePartnerSdk.Tests.Endpoint.SendCardMessageToAllChatsTest" file="/var/www/backend/vendor/close/partner-sdk/tests/Endpoint/SendCardMessageToAllChatsTest.php" line="18" assertions="2" time="0.000483"/>
      </testsuite>
      <testsuite name="ClosePartnerSdk\Tests\HttpClient\Message\ResponseMediatorTest" file="/var/www/backend/vendor/close/partner-sdk/tests/HttpClient/Message/ResponseMediatorTest.php" tests="2" assertions="2" errors="0" warnings="0" failures="0" skipped="0" time="0.000363">
        <testcase name="inform_when_the_response_is_not_a_correct_json" class="ClosePartnerSdk\Tests\HttpClient\Message\ResponseMediatorTest" classname="ClosePartnerSdk.Tests.HttpClient.Message.ResponseMediatorTest" file="/var/www/backend/vendor/close/partner-sdk/tests/HttpClient/Message/ResponseMediatorTest.php" line="21" assertions="1" time="0.000123"/>
        <testcase name="provide_empty_array_when_response_is_emtpy" class="ClosePartnerSdk\Tests\HttpClient\Message\ResponseMediatorTest" classname="ClosePartnerSdk.Tests.HttpClient.Message.ResponseMediatorTest" file="/var/www/backend/vendor/close/partner-sdk/tests/HttpClient/Message/ResponseMediatorTest.php" line="15" assertions="1" time="0.000240"/>
      </testsuite>
      <testsuite name="ClosePartnerSdk\Tests\ClientBuilderTest" file="/var/www/backend/vendor/close/partner-sdk/tests/ClientBuilderTest.php" tests="2" assertions="2" errors="0" warnings="0" failures="0" skipped="0" time="0.001195">
        <testcase name="be_able_to_add_plugins_into_the_client" class="ClosePartnerSdk\Tests\ClientBuilderTest" classname="ClosePartnerSdk.Tests.ClientBuilderTest" file="/var/www/backend/vendor/close/partner-sdk/tests/ClientBuilderTest.php" line="21" assertions="1" time="0.001130"/>
        <testcase name="resolve_http_client_that_implements_psr" class="ClosePartnerSdk\Tests\ClientBuilderTest" classname="ClosePartnerSdk.Tests.ClientBuilderTest" file="/var/www/backend/vendor/close/partner-sdk/tests/ClientBuilderTest.php" line="14" assertions="1" time="0.000064"/>
      </testsuite>
      <testsuite name="ClosePartnerSdk\Tests\Endpoint\FlowProperties\RenderFlowPropertiesFromAUserInAChatForAnEventTest" file="/var/www/backend/vendor/close/partner-sdk/tests/Endpoint/FlowProperties/RenderFlowPropertiesFromAUserInAChatForAnEventTest.php" tests="1" assertions="2" errors="0" warnings="0" failures="0" skipped="0" time="0.000400">
        <testcase name="call_set_properties_to_a_user_in_chat_for_event_endpoint" class="ClosePartnerSdk\Tests\Endpoint\FlowProperties\RenderFlowPropertiesFromAUserInAChatForAnEventTest" classname="ClosePartnerSdk.Tests.Endpoint.FlowProperties.RenderFlowPropertiesFromAUserInAChatForAnEventTest" file="/var/www/backend/vendor/close/partner-sdk/tests/Endpoint/FlowProperties/RenderFlowPropertiesFromAUserInAChatForAnEventTest.php" line="18" assertions="2" time="0.000400"/>
      </testsuite>
      <testsuite name="ClosePartnerSdk\Tests\Endpoint\SendTextMessageToUserInAllChatsTest" file="/var/www/backend/vendor/close/partner-sdk/tests/Endpoint/SendTextMessageToUserInAllChatsTest.php" tests="1" assertions="1" errors="0" warnings="0" failures="0" skipped="0" time="0.000826">
        <testcase name="call_send_text_message_to_user_in_all_chats_endpoint" class="ClosePartnerSdk\Tests\Endpoint\SendTextMessageToUserInAllChatsTest" classname="ClosePartnerSdk.Tests.Endpoint.SendTextMessageToUserInAllChatsTest" file="/var/www/backend/vendor/close/partner-sdk/tests/Endpoint/SendTextMessageToUserInAllChatsTest.php" line="16" assertions="1" time="0.000826"/>
      </testsuite>
      <testsuite name="ClosePartnerSdk\Tests\Endpoint\SendCardMessageToUserInAllChatsTest" file="/var/www/backend/vendor/close/partner-sdk/tests/Endpoint/SendCardMessageToUserInAllChatsTest.php" tests="1" assertions="1" errors="0" warnings="0" failures="0" skipped="0" time="0.000658">
        <testcase name="it_can_send_card_message_to_a_user_in_all_chats" class="ClosePartnerSdk\Tests\Endpoint\SendCardMessageToUserInAllChatsTest" classname="ClosePartnerSdk.Tests.Endpoint.SendCardMessageToUserInAllChatsTest" file="/var/www/backend/vendor/close/partner-sdk/tests/Endpoint/SendCardMessageToUserInAllChatsTest.php" line="16" assertions="1" time="0.000658"/>
      </testsuite>
      <testsuite name="ClosePartnerSdk\Tests\Endpoint\CreateCarouselForEventTest" file="/var/www/backend/vendor/close/partner-sdk/tests/Endpoint/CreateCarouselForEventTest.php" tests="2" assertions="3" errors="0" warnings="0" failures="0" skipped="0" time="0.003586">
        <testcase name="it_creates_a_new_carousel_for_the_event" class="ClosePartnerSdk\Tests\Endpoint\CreateCarouselForEventTest" classname="ClosePartnerSdk.Tests.Endpoint.CreateCarouselForEventTest" file="/var/www/backend/vendor/close/partner-sdk/tests/Endpoint/CreateCarouselForEventTest.php" line="58" assertions="1" time="0.003024"/>
        <testcase name="it_does_not_have_the_required_field" class="ClosePartnerSdk\Tests\Endpoint\CreateCarouselForEventTest" classname="ClosePartnerSdk.Tests.Endpoint.CreateCarouselForEventTest" file="/var/www/backend/vendor/close/partner-sdk/tests/Endpoint/CreateCarouselForEventTest.php" line="21" assertions="2" time="0.000562"/>
      </testsuite>
      <testsuite name="ClosePartnerSdk\Tests\Dto\Mapper\SendMessageMapperTest" file="/var/www/backend/vendor/close/partner-sdk/tests/Dto/Mapper/SendMessageMapperTest.php" tests="1" assertions="1" errors="0" warnings="0" failures="0" skipped="0" time="0.000066">
        <testcase name="provide_valid_values_in_the_request" class="ClosePartnerSdk\Tests\Dto\Mapper\SendMessageMapperTest" classname="ClosePartnerSdk.Tests.Dto.Mapper.SendMessageMapperTest" file="/var/www/backend/vendor/close/partner-sdk/tests/Dto/Mapper/SendMessageMapperTest.php" line="12" assertions="1" time="0.000066"/>
      </testsuite>
      <testsuite name="ClosePartnerSdk\Tests\Endpoint\FlowProperties\SetFlowPropertiesToAUserInAnEventTest" file="/var/www/backend/vendor/close/partner-sdk/tests/Endpoint/FlowProperties/SetFlowPropertiesToAUserInAnEventTest.php" tests="1" assertions="1" errors="0" warnings="0" failures="0" skipped="0" time="0.000418">
        <testcase name="call_set_properties_to_a_user_in_chat_for_event_endpoint" class="ClosePartnerSdk\Tests\Endpoint\FlowProperties\SetFlowPropertiesToAUserInAnEventTest" classname="ClosePartnerSdk.Tests.Endpoint.FlowProperties.SetFlowPropertiesToAUserInAnEventTest" file="/var/www/backend/vendor/close/partner-sdk/tests/Endpoint/FlowProperties/SetFlowPropertiesToAUserInAnEventTest.php" line="17" assertions="1" time="0.000418"/>
      </testsuite>
      <testsuite name="ClosePartnerSdk\Tests\Endpoint\FlowProperties\GetFlowPropertiesFromAUserInAChatForAnEventTest" file="/var/www/backend/vendor/close/partner-sdk/tests/Endpoint/FlowProperties/GetFlowPropertiesFromAUserInAChatForAnEventTest.php" tests="1" assertions="1" errors="0" warnings="0" failures="0" skipped="0" time="0.000599">
        <testcase name="call_get_properties_from_a_user_in_chat_for_event_endpoint" class="ClosePartnerSdk\Tests\Endpoint\FlowProperties\GetFlowPropertiesFromAUserInAChatForAnEventTest" classname="ClosePartnerSdk.Tests.Endpoint.FlowProperties.GetFlowPropertiesFromAUserInAChatForAnEventTest" file="/var/www/backend/vendor/close/partner-sdk/tests/Endpoint/FlowProperties/GetFlowPropertiesFromAUserInAChatForAnEventTest.php" line="16" assertions="1" time="0.000599"/>
      </testsuite>
      <testsuite name="ClosePartnerSdk\Tests\Dto\Mapper\CancelTicketMapperTest" file="/var/www/backend/vendor/close/partner-sdk/tests/Dto/Mapper/CancelTicketMapperTest.php" tests="1" assertions="4" errors="0" warnings="0" failures="0" skipped="0" time="0.000141">
        <testcase name="provide_valid_values_in_the_request" class="ClosePartnerSdk\Tests\Dto\Mapper\CancelTicketMapperTest" classname="ClosePartnerSdk.Tests.Dto.Mapper.CancelTicketMapperTest" file="/var/www/backend/vendor/close/partner-sdk/tests/Dto/Mapper/CancelTicketMapperTest.php" line="15" assertions="4" time="0.000141"/>
      </testsuite>
    </testsuite>
  </testsuite>
</testsuites>
